<?xml version="1.0" encoding="UTF-8"?>
<!-- Generated by org.testng.reporters.JUnitReportReporter -->
<testsuite hostname="WINDOWS-BVQNF6J" failures="0" tests="2" name="com.citi.test.LoginUITest" time="49.431" errors="0" timestamp="2022-10-19T17:58:49 IST" skipped="0">
  <testcase classname="com.citi.test.LoginUITest" name="placeHolderTest" time="23.455"/>
  <system-out/>
  <testcase classname="com.citi.test.LoginUITest" name="titleTest" time="25.976"/>
  <system-out/>
</testsuite> <!-- com.citi.test.LoginUITest -->
