<?xml version="1.0" encoding="UTF-8"?>
<!-- Generated by org.testng.reporters.JUnitReportReporter -->
<testsuite hostname="WINDOWS-BVQNF6J" failures="0" tests="2" name="com.citi.test.LoginTest" time="59.069" errors="0" timestamp="2022-10-19T17:28:19 IST" skipped="0">
  <testcase classname="com.citi.test.LoginTest" name="validCredentialTest" time="30.461"/>
  <system-out/>
  <testcase classname="com.citi.test.LoginTest" name="invalidCredentialTest" time="28.608"/>
  <system-out/>
</testsuite> <!-- com.citi.test.LoginTest -->
