<?xml version="1.0" encoding="UTF-8"?>
<!-- Generated by org.testng.reporters.JUnitReportReporter -->
<testsuite hostname="WINDOWS-BVQNF6J" failures="0" tests="2" name="com.citi.test.LoginTest" time="19.520" errors="0" timestamp="2022-10-20T17:59:24 IST" skipped="0">
  <testcase classname="com.citi.test.LoginTest" name="validCredentialTest" time="10.466"/>
  <system-out/>
  <testcase classname="com.citi.test.LoginTest" name="validCredentialTest" time="9.054"/>
  <system-out/>
</testsuite> <!-- com.citi.test.LoginTest -->
